\BOOKMARK [0][-]{chapter*.2}{Vorwort}{}% 1
\BOOKMARK [-1][-]{part.1}{Grundlagen}{}% 2
\BOOKMARK [0][-]{chapter.1}{Grundlagen}{part.1}% 3
\BOOKMARK [1][-]{section.1.1}{Not}{chapter.1}% 4
\BOOKMARK [1][-]{section.1.2}{Pers\366nliche Not}{chapter.1}% 5
\BOOKMARK [1][-]{section.1.3}{Textunabh\344ngige Handlung}{chapter.1}% 6
\BOOKMARK [1][-]{section.1.4}{Subtext}{chapter.1}% 7
\BOOKMARK [-1][-]{part.2}{Schauspiel-Methoden}{}% 8
\BOOKMARK [0][-]{chapter.1}{Tschechow}{part.2}% 9
\BOOKMARK [1][-]{section.1.1}{Grundlage}{chapter.1}% 10
\BOOKMARK [2][-]{subsection.1.1.1}{Sinne erweitern}{section.1.1}% 11
\BOOKMARK [2][-]{subsection.1.1.2}{Denken spielen}{section.1.1}% 12
\BOOKMARK [2][-]{subsection.1.1.3}{Fensterscheibe}{section.1.1}% 13
\BOOKMARK [2][-]{subsection.1.1.4}{Emotionen deckeln}{section.1.1}% 14
\BOOKMARK [1][-]{section.1.2}{Bewegungsarbeit}{chapter.1}% 15
\BOOKMARK [2][-]{subsection.1.2.1}{Ausladende Bewegungen}{section.1.2}% 16
\BOOKMARK [2][-]{subsection.1.2.2}{Staccato \(Anfang und Ende\)/ Legato \(Flie\337end\)}{section.1.2}% 17
\BOOKMARK [2][-]{subsection.1.2.3}{Blume}{section.1.2}% 18
\BOOKMARK [2][-]{subsection.1.2.4}{Wippe}{section.1.2}% 19
\BOOKMARK [2][-]{subsection.1.2.5}{Energiezentrum \214Drosselgrube\215}{section.1.2}% 20
\BOOKMARK [2][-]{subsection.1.2.6}{Winken aus der Drosselgrube}{section.1.2}% 21
\BOOKMARK [1][-]{section.1.3}{Zusammenziehen und Ausdehnen}{chapter.1}% 22
\BOOKMARK [2][-]{subsection.1.3.1}{H\344nde sch\374tteln mit zusammenziehen oder ausdehnen}{section.1.3}% 23
\BOOKMARK [1][-]{section.1.4}{Emotionales Ged\344chtnis}{chapter.1}% 24
\BOOKMARK [2][-]{subsection.1.4.1}{Arm heben - physisch - psychisch}{section.1.4}% 25
\BOOKMARK [2][-]{subsection.1.4.2}{Zeitstrahl}{section.1.4}% 26
\BOOKMARK [2][-]{subsection.1.4.3}{Augen in den Schultern}{section.1.4}% 27
\BOOKMARK [2][-]{subsection.1.4.4}{3-Wege}{section.1.4}% 28
\BOOKMARK [1][-]{section.1.5}{Archetypen}{chapter.1}% 29
\BOOKMARK [2][-]{subsection.1.5.1}{Bild des Stabs einverleiben}{section.1.5}% 30
\BOOKMARK [2][-]{subsection.1.5.2}{Haus des Stabs}{section.1.5}% 31
\BOOKMARK [2][-]{subsection.1.5.3}{Bild des Ball einverleiben}{section.1.5}% 32
\BOOKMARK [2][-]{subsection.1.5.4}{Haus des Balls}{section.1.5}% 33
\BOOKMARK [2][-]{subsection.1.5.5}{Bild des Schlleier einverleiben}{section.1.5}% 34
\BOOKMARK [2][-]{subsection.1.5.6}{Haus des Schleiers}{section.1.5}% 35
\BOOKMARK [2][-]{subsection.1.5.7}{Raumlauf mit \214Ich will \203\215}{section.1.5}% 36
\BOOKMARK [2][-]{subsection.1.5.8}{Raumlauf mit \214Ich lehne \203 ab\215}{section.1.5}% 37
\BOOKMARK [2][-]{subsection.1.5.9}{Raumlauf mit \214Ich denke \203\215}{section.1.5}% 38
\BOOKMARK [1][-]{section.1.6}{Textarbeit/ Rollenarbeit}{chapter.1}% 39
\BOOKMARK [2][-]{subsection.1.6.1}{Archetypen}{section.1.6}% 40
\BOOKMARK [2][-]{subsection.1.6.2}{Monolog schreiben und daran arbeiten}{section.1.6}% 41
\BOOKMARK [2][-]{subsection.1.6.3}{psychologische Geste finden}{section.1.6}% 42
\BOOKMARK [2][-]{subsection.1.6.4}{Vokale/ Kerns\344tze mit Geste sprechen}{section.1.6}% 43
\BOOKMARK [2][-]{subsection.1.6.5}{Raumlauf mit archetypischen Satz/ Kernsatz}{section.1.6}% 44
\BOOKMARK [1][-]{section.1.7}{Welt der Sph\344ren}{chapter.1}% 45
\BOOKMARK [0][-]{chapter.2}{Stanislawski}{part.2}% 46
\BOOKMARK [1][-]{section.2.1}{K\366rperarbeit}{chapter.2}% 47
\BOOKMARK [2][-]{subsection.2.1.1}{4 Punkte im Raum}{section.2.1}% 48
\BOOKMARK [0][-]{chapter.3}{Meisner}{part.2}% 49
\BOOKMARK [1][-]{section.3.1}{Grundlagen}{chapter.3}% 50
\BOOKMARK [2][-]{subsection.3.1.1}{Authentisches Reagieren}{section.3.1}% 51
\BOOKMARK [-1][-]{part.3}{Schauspiel\374bungen und -spiele}{}% 52
\BOOKMARK [0][-]{chapter.1}{Schauspiel\374bungen und -spiele}{part.3}% 53
\BOOKMARK [1][-]{section.1.1}{Raumlauf}{chapter.1}% 54
\BOOKMARK [2][-]{subsection.1.1.1}{Raumlauf mit Kreideblase}{section.1.1}% 55
\BOOKMARK [2][-]{subsection.1.1.2}{Raumlauf mit Wahrnehmung des Raumes}{section.1.1}% 56
\BOOKMARK [2][-]{subsection.1.1.3}{Raumlauf mit Wahrnehmung der Personen}{section.1.1}% 57
\BOOKMARK [2][-]{subsection.1.1.4}{Raumlauf mit Begr\374\337ung}{section.1.1}% 58
\BOOKMARK [1][-]{section.1.2}{Gang zum Stuhl}{chapter.1}% 59
\BOOKMARK [1][-]{section.1.3}{Gang zum Stuhl mit Subtext}{chapter.1}% 60
\BOOKMARK [1][-]{section.1.4}{Szene mit 3 Z\374gen - Et\374de}{chapter.1}% 61
\BOOKMARK [1][-]{section.1.5}{T\374r-Impro}{chapter.1}% 62
\BOOKMARK [1][-]{section.1.6}{Klatschkreis}{chapter.1}% 63
\BOOKMARK [1][-]{section.1.7}{Whiskey-Mixer}{chapter.1}% 64
\BOOKMARK [1][-]{section.1.8}{High-Noon}{chapter.1}% 65
\BOOKMARK [1][-]{section.1.9}{Bibedi-Bibedi-Bop}{chapter.1}% 66
\BOOKMARK [1][-]{section.1.10}{Zu-Blinzeln}{chapter.1}% 67
\BOOKMARK [1][-]{section.1.11}{Blinzel-M\366rder}{chapter.1}% 68
\BOOKMARK [-1][-]{part.4}{Inszenierung}{}% 69
\BOOKMARK [0][-]{chapter.1}{Inzensierung}{part.4}% 70
\BOOKMARK [1][-]{section.1.1}{Inszenierung mittels Bilder}{chapter.1}% 71
\BOOKMARK [-1][-]{part.5}{Atemtechnik und Sprecherziehung}{}% 72
\BOOKMARK [0][-]{chapter.1}{Atemtechnik und Sprecherziehung}{part.5}% 73
\BOOKMARK [1][-]{section.1.1}{\334bungen}{chapter.1}% 74
\BOOKMARK [2][-]{subsection.1.1.1}{Pendeln}{section.1.1}% 75
\BOOKMARK [2][-]{subsection.1.1.2}{Trampeln}{section.1.1}% 76
\BOOKMARK [2][-]{subsection.1.1.3}{Beine/ Arme aussch\374tteln}{section.1.1}% 77
\BOOKMARK [2][-]{subsection.1.1.4}{Abklopfen}{section.1.1}% 78
\BOOKMARK [2][-]{subsection.1.1.5}{Abklopfen in 3er-Gruppen}{section.1.1}% 79
\BOOKMARK [1][-]{section.1.2}{Kiefer \366ffnen}{chapter.1}% 80
\BOOKMARK [1][-]{section.1.3}{Kiefer verschieben}{chapter.1}% 81
\BOOKMARK [1][-]{section.1.4}{Luftkugel}{chapter.1}% 82
\BOOKMARK [1][-]{section.1.5}{Amulette}{chapter.1}% 83
\BOOKMARK [1][-]{section.1.6}{Vierteilige Lockerung}{chapter.1}% 84
\BOOKMARK [1][-]{section.1.7}{Seufzer}{chapter.1}% 85
\BOOKMARK [2][-]{subsection.1.7.1}{\334berh\344ngender Seufzer}{section.1.7}% 86
\BOOKMARK [1][-]{section.1.8}{Kutschersitz}{chapter.1}% 87
\BOOKMARK [1][-]{section.1.9}{Tonkauen}{chapter.1}% 88
\BOOKMARK [1][-]{section.1.10}{Tonh\366hen mit Interjektionen variieren}{chapter.1}% 89
\BOOKMARK [1][-]{section.1.11}{Tonf\374hrung}{chapter.1}% 90
\BOOKMARK [1][-]{section.1.12}{Schulter\374bung}{chapter.1}% 91
\BOOKMARK [1][-]{section.1.13}{Von Singstimme in Sprechstimme}{chapter.1}% 92
\BOOKMARK [1][-]{section.1.14}{Namen}{chapter.1}% 93
\BOOKMARK [1][-]{section.1.15}{Laute sprechen}{chapter.1}% 94
\BOOKMARK [1][-]{section.1.16}{Arme heben und beim Senken Laute phonieren}{chapter.1}% 95
\BOOKMARK [1][-]{section.1.17}{Spannung}{chapter.1}% 96
\BOOKMARK [1][-]{section.1.18}{Rufstimme}{chapter.1}% 97
\BOOKMARK [1][-]{section.1.19}{Gaumensegel entspannnen}{chapter.1}% 98
\BOOKMARK [0][-]{chapter.2}{Pers\366nliches Trainingsprogramm}{part.5}% 99
\BOOKMARK [-1][-]{part.6}{Phonetik}{}% 100
\BOOKMARK [0][-]{chapter.1}{Kurze Geschichte der Standardlautung}{part.6}% 101
\BOOKMARK [0][-]{chapter.2}{physologisches Sprechen und Atmen}{part.6}% 102
\BOOKMARK [1][-]{section.2.1}{Atmung}{chapter.2}% 103
\BOOKMARK [2][-]{subsection.2.1.1}{exspiratorische Orientierung}{section.2.1}% 104
\BOOKMARK [2][-]{subsection.2.1.2}{Intention}{section.2.1}% 105
\BOOKMARK [2][-]{subsection.2.1.3}{Abspannen}{section.2.1}% 106
\BOOKMARK [2][-]{subsection.2.1.4}{Tonst\374tze}{section.2.1}% 107
\BOOKMARK [2][-]{subsection.2.1.5}{Der supraglottische Raum}{section.2.1}% 108
\BOOKMARK [2][-]{subsection.2.1.6}{Ablauf der Atmung}{section.2.1}% 109
\BOOKMARK [1][-]{section.2.2}{Aufbau des Atem- und Sprechtrakts}{chapter.2}% 110
\BOOKMARK [2][-]{subsection.2.2.1}{Atmungstrakt}{section.2.2}% 111
\BOOKMARK [2][-]{subsection.2.2.2}{Sprechtrakt}{section.2.2}% 112
\BOOKMARK [1][-]{section.2.3}{Krankheiten}{chapter.2}% 113
\BOOKMARK [1][-]{section.2.4}{Aussprache}{chapter.2}% 114
\BOOKMARK [2][-]{subsection.2.4.1}{Vokale}{section.2.4}% 115
\BOOKMARK [2][-]{subsection.2.4.2}{Konsonaten}{section.2.4}% 116
